d:\visual studio 2019\programs\maddy's_loving_program\debug\vc142.pdb
d:\visual studio 2019\programs\maddy's_loving_program\debug\vc142.idb
d:\visual studio 2019\programs\maddy's_loving_program\debug\main.obj
c:\users\austi\documents\visual studio 2019\programs\maddy's_loving_program\debug\vc142.pdb
c:\users\austi\documents\visual studio 2019\programs\maddy's_loving_program\debug\vc142.idb
c:\users\austi\documents\visual studio 2019\programs\maddy's_loving_program\debug\main.obj
d:\visual studio 2019\programs\maddy's_loving_program\debug\maddy's_loving_program.ilk
d:\visual studio 2019\programs\maddy's_loving_program\debug\maddy's_loving_program.exe
d:\visual studio 2019\programs\maddy's_loving_program\debug\maddy's_loving_program.pdb
c:\users\austi\documents\visual studio 2019\programs\maddy's_loving_program\debug\maddy's_loving_program.exe
c:\users\austi\documents\visual studio 2019\programs\maddy's_loving_program\debug\maddy's_loving_program.ilk
c:\users\austi\documents\visual studio 2019\programs\maddy's_loving_program\debug\maddy's_loving_program.pdb
c:\users\austi\onedrive\documents\visual studio 2019\programs\(ee 30-04)\maddy's_loving_program\debug\main.obj
c:\users\austi\onedrive\documents\visual studio 2019\programs\(ee 30-04)\maddy's_loving_program\debug\maddy's_loving_program.ilk
c:\users\austi\onedrive\documents\visual studio 2019\programs\(ee 30-04)\maddy's_loving_program\debug\vc142.idb
c:\users\austi\onedrive\documents\visual studio 2019\programs\(ee 30-04)\maddy's_loving_program\debug\maddy's_loving_program.pdb
c:\users\austi\onedrive\documents\visual studio 2019\programs\(ee 30-04)\maddy's_loving_program\debug\vc142.pdb
c:\users\austi\onedrive\documents\visual studio 2019\programs\(ee 30-04)\maddy's_loving_program\debug\maddy's_.e900d5ca.tlog\cl.command.1.tlog
c:\users\austi\onedrive\documents\visual studio 2019\programs\(ee 30-04)\maddy's_loving_program\debug\maddy's_.e900d5ca.tlog\cl.read.1.tlog
c:\users\austi\onedrive\documents\visual studio 2019\programs\(ee 30-04)\maddy's_loving_program\debug\maddy's_.e900d5ca.tlog\cl.write.1.tlog
c:\users\austi\onedrive\documents\visual studio 2019\programs\(ee 30-04)\maddy's_loving_program\debug\maddy's_.e900d5ca.tlog\link.command.1.tlog
c:\users\austi\onedrive\documents\visual studio 2019\programs\(ee 30-04)\maddy's_loving_program\debug\maddy's_.e900d5ca.tlog\link.read.1.tlog
c:\users\austi\onedrive\documents\visual studio 2019\programs\(ee 30-04)\maddy's_loving_program\debug\maddy's_.e900d5ca.tlog\link.write.1.tlog
